<?xml version="1.0" encoding="UTF-8"?>
<testng-results ignored="0" total="1" passed="1" failed="0" skipped="0">
  <reporter-output>
  </reporter-output>
  <suite started-at="2023-11-30T09:35:51 IST" name="Default suite" finished-at="2023-11-30T09:35:54 IST" duration-ms="3124">
    <groups>
    </groups>
    <test started-at="2023-11-30T09:35:51 IST" name="Default test" finished-at="2023-11-30T09:35:54 IST" duration-ms="3124">
      <class name="com.tha.maven.MavenProject.LoginTest">
        <test-method is-config="true" signature="openBrowser()[pri:0, instance:com.tha.maven.MavenProject.LoginTest@33990a0c]" started-at="2023-11-30T09:35:51 IST" name="openBrowser" finished-at="2023-11-30T09:35:54 IST" duration-ms="3022" status="PASS">
          <reporter-output>
          </reporter-output>
        </test-method> <!-- openBrowser -->
        <test-method signature="LoginTest()[pri:1, instance:com.tha.maven.MavenProject.LoginTest@33990a0c]" started-at="2023-11-30T09:35:54 IST" name="LoginTest" finished-at="2023-11-30T09:35:54 IST" duration-ms="16" status="PASS">
          <reporter-output>
          </reporter-output>
        </test-method> <!-- LoginTest -->
      </class> <!-- com.tha.maven.MavenProject.LoginTest -->
    </test> <!-- Default test -->
  </suite> <!-- Default suite -->
</testng-results>
